<?xml version="1.0" encoding="UTF-8"?>
<!-- Generated by org.testng.reporters.JUnitXMLReporter -->
<testsuite hostname="EBJ4468" name="TestSearchField" tests="1" failures="1" timestamp="5 Nov 2015 09:32:10 GMT" time="18.685" errors="0">
  <testcase name="TestField" time="11.185" classname="com.elong.air.tests.TestSearchField">
    <failure type="java.lang.AssertionError" message="expected [出发城市与到达城市不可相同，请重新输入00！] but found [出发城市与到达城市不可相同，请重新输入！]">
      <![CDATA[java.lang.AssertionError: expected [出发城市与到达城市不可相同，请重新输入00！] but found [出发城市与到达城市不可相同，请重新输入！]
	at com.elong.air.tests.TestSearchField.TestField(TestSearchField.java:23)
	at java.util.concurrent.ThreadPoolExecutor.runWorker(ThreadPoolExecutor.java:1145)
	at java.util.concurrent.ThreadPoolExecutor$Worker.run(ThreadPoolExecutor.java:615)
	at java.lang.Thread.run(Thread.java:722)
... Removed 15 stack frames]]>
    </failure>
  </testcase> <!-- TestField -->
</testsuite> <!-- TestSearchField -->
