<?xml version="1.0" encoding="UTF-8"?>
<!-- Generated by org.testng.reporters.JUnitXMLReporter -->
<testsuite hostname="EBJ4468" name="OW" tests="2" failures="1" timestamp="6 Jun 2016 02:16:54 GMT" time="214.541" errors="0">
  <testcase name="testSearchField" time="12.502" classname="com.elong.air.tests.TestSearchField"/>
  <testcase name="createSingleOrder" time="175.226" classname="com.elong.air.tests.TestCreateSingleOrder">
    <failure type="com.elong.air.exception.AirException" message="预定按钮不可用">
      <![CDATA[com.elong.air.exception.AirException: 预定按钮不可用
	at com.elong.air.PageObject.InputInformationPage.summbitOrder(InputInformationPage.java:79)
	at com.elong.air.PageObject.InputInformationPage.putPassInfoBean(InputInformationPage.java:63)
	at com.elong.air.tests.TestCreateSingleOrder.createSingleOrder(TestCreateSingleOrder.java:33)
	at java.util.concurrent.ThreadPoolExecutor.runWorker(ThreadPoolExecutor.java:1145)
	at java.util.concurrent.ThreadPoolExecutor$Worker.run(ThreadPoolExecutor.java:615)
	at java.lang.Thread.run(Thread.java:722)
... Removed 10 stack frames]]>
    </failure>
  </testcase> <!-- createSingleOrder -->
</testsuite> <!-- OW -->
