<?xml version="1.0" encoding="UTF-8"?>
<testng-results skipped="0" failed="0" total="1" passed="1">
  <reporter-output>
  </reporter-output>
  <suite name="Default suite" duration-ms="15920" started-at="2016-06-03T10:50:40Z" finished-at="2016-06-03T10:50:56Z">
    <groups>
    </groups>
    <test name="Default test" duration-ms="15920" started-at="2016-06-03T10:50:40Z" finished-at="2016-06-03T10:50:56Z">
      <class name="com.elong.air.tests.TestSearchField">
        <test-method status="PASS" signature="befclass()[pri:0, instance:com.elong.air.tests.TestSearchField@64959a7a]" name="befclass" is-config="true" duration-ms="6540" started-at="2016-06-03T18:50:40Z" finished-at="2016-06-03T18:50:47Z">
          <reporter-output>
          </reporter-output>
        </test-method> <!-- befclass -->
        <test-method status="PASS" signature="testSearchField(java.lang.Object)[pri:0, instance:com.elong.air.tests.TestSearchField@64959a7a]" name="testSearchField" duration-ms="8078" started-at="2016-06-03T18:50:47Z" data-provider="testdp" finished-at="2016-06-03T18:50:55Z">
          <params>
            <param index="0">
              <value>
                <![CDATA[3]]>
              </value>
            </param>
          </params>
          <reporter-output>
          </reporter-output>
        </test-method> <!-- testSearchField -->
        <test-method status="PASS" signature="aftclass()[pri:0, instance:com.elong.air.tests.TestSearchField@64959a7a]" name="aftclass" is-config="true" duration-ms="1106" started-at="2016-06-03T18:50:55Z" finished-at="2016-06-03T18:50:56Z">
          <reporter-output>
          </reporter-output>
        </test-method> <!-- aftclass -->
      </class> <!-- com.elong.air.tests.TestSearchField -->
    </test> <!-- Default test -->
  </suite> <!-- Default suite -->
</testng-results>
